 
2013/05/21 13:23:39: Successful login: HELMUTH DUARTE SAATKAMP(00693033126) from ::1
2013/05/21 10:27:44: Successful login: HELMUTH DUARTE SAATKAMP(00693033126) from ::1
2013/05/21 10:33:10: Successful login: HELMUTH DUARTE SAATKAMP(00693033126) from ::1
2013/05/21 10:39:25: Successful login: Luiz Pacheco Motta(96328576749) from ::1
2013/05/21 10:46:15: Failed login attempt: 96328576749 from ::1
2013/05/21 10:53:57: Successful login: HELMUTH DUARTE SAATKAMP(00693033126) from ::1
2013/05/21 10:55:04: Successful login: HELMUTH DUARTE SAATKAMP(00693033126) from ::1
2013/05/21 10:55:32: Failed login attempt: 00693033126 from ::1
2013/05/21 11:18:39: Successful login: HELMUTH DUARTE SAATKAMP(00693033126) from ::1
2013/05/21 11:32:40: Successful login: HELMUTH DUARTE SAATKAMP(00693033126) from ::1
2013/05/21 15:43:47: Successful login: HELMUTH DUARTE SAATKAMP(00693033126) from ::1
2013/05/21 15:44:43: Successful login: HELMUTH DUARTE SAATKAMP(00693033126) from ::1
2013/05/21 17:22:26: Successful login: HELMUTH DUARTE SAATKAMP(00693033126) from ::1
2013/05/21 18:27:31: Successful login: Mariano Federico Pascual(69904723168) from ::1
2013/05/21 18:30:34: Successful login: HELMUTH DUARTE SAATKAMP(00693033126) from ::1
2013/05/22 09:41:14: Successful login: HELMUTH DUARTE SAATKAMP(00693033126) from ::1
2013/05/22 09:46:31: Successful login: HELMUTH DUARTE SAATKAMP(00693033126) from ::1
2013/05/22 10:36:20: Successful login: (00693033126) from ::1
2013/05/22 10:41:05: Successful login: Helmuth duarte saatkamp(00693033126) from ::1
2013/05/22 10:42:56: Successful login: (00693033126) from ::1
2013/05/22 10:50:37: Successful login: Helmuth Duarte Saatkamp (00693033126) from ::1
2013/05/22 10:53:49: Successful login: Helmuth Duarte Saatkamp (00693033126) from ::1
2013/05/22 11:05:35: Successful login: Helmuth Duarte Saatkamp (00693033126) from ::1
2013/05/22 11:08:59: Successful login: Helmuth Duarte Saatkamp (00693033126) from ::1
2013/05/22 11:15:42: Successful login: Helmuth Duarte Saatkamp (00693033126) from ::1
2013/05/22 11:36:53: Successful login: Helmuth Duarte Saatkamp (00693033126) from ::1
2013/05/22 11:46:03: Successful login: Helmuth Duarte Saatkamp (00693033126) from ::1
2013/05/22 11:49:43: Successful login: Helmuth Duarte Saatkamp (00693033126) from ::1
2013/05/22 11:57:08: Successful login: Helmuth Duarte Saatkamp (00693033126) from ::1
2013/05/22 14:08:45: Successful login: Helmuth Duarte Saatkamp (00693033126) from ::1
2013/05/22 16:29:14: Successful login: Helmuth Duarte Saatkamp (00693033126) from ::1
2013/05/22 16:30:41: Successful login: Helmuth Duarte Saatkamp (00693033126) from ::1
2013/05/22 16:31:43: Successful login: Helmuth Duarte Saatkamp (00693033126) from ::1
2013/05/22 16:32:58: Successful login: Helmuth Duarte Saatkamp (00693033126) from ::1
2013/05/23 09:32:35: Successful login: Helmuth Duarte Saatkamp (00693033126) from ::1
2013/05/23 14:05:00: Successful login: Helmuth Duarte Saatkamp (00693033126) from ::1
2013/05/23 14:05:36: Successful login: George Porto Ferreira (01801878994) from ::1
2013/05/23 14:19:12: Successful login: Helmuth Duarte Saatkamp (00693033126) from ::1
2013/05/24 17:52:04: Successful login: Helmuth Duarte Saatkamp (00693033126) from ::1
2013/05/27 11:35:29: Successful login: Helmuth Duarte Saatkamp (00693033126) from ::1
2013/05/27 18:52:39: Successful login: Silvia Nascimento Viana (97660647172) from ::1
2013/05/28 16:10:06: Successful login: Helmuth Duarte Saatkamp (00693033126) from 10.1.16.132
2013/05/31 13:40:59: Successful login: Helmuth Duarte Saatkamp (00693033126) from ::1
2013/05/31 13:56:56: Failed login attempt: 00693033126 from ::1
2013/05/31 16:11:49: Failed login attempt: 00693033126 from ::1
2013/05/31 13:13:00: Failed login attempt: 00693033126 from ::1
2013/05/31 13:25:28: Failed login attempt: 00693033126 from ::1
2013/05/31 13:25:28: Successful login: Helmuth Duarte Saatkamp (00693033126) from ::1
2013/05/31 13:26:46: Failed login attempt: 006930 from ::1
2013/05/31 13:26:46: Successful login:  (006930) from ::1
2013/05/31 13:30:07: Failed login attempt: 006930 from ::1
2013/05/31 13:30:07: Successful login:  (006930) from ::1
2013/05/31 13:36:52: Failed login attempt: 006930 from ::1
2013/05/31 13:36:52: Successful login:  (006930) from ::1
2013/05/31 13:41:51: Failed login attempt: 123456 from ::1
2013/05/31 13:41:51: Successful login:  (123456) from ::1
2013/05/31 13:42:37: Failed login attempt: 00693033126 from ::1
2013/05/31 13:43:35: Successful login: Helmuth Duarte Saatkamp (00693033126) from ::1
2013/05/31 13:50:03: Failed login attempt: 00693033126 from ::1
2013/05/31 13:50:23: Failed login attempt: 00693033126 from ::1
2013/05/31 13:50:56: Failed login attempt: 00693033126 from ::1
2013/05/31 13:51:40: Failed login attempt: 00693033126 from ::1
2013/05/31 13:57:38: Successful login: Helmuth Duarte Saatkamp (00693033126) from ::1
2013/06/03 13:42:06: Successful login: Helmuth Duarte Saatkamp (00693033126) from ::1
2013/06/03 14:01:59: Successful login: Helmuth Duarte Saatkamp (00693033126) from ::1
2013/06/03 14:18:50: Successful login: Helmuth Duarte Saatkamp (00693033126) from ::1
2013/06/03 14:28:35: Successful login: Helmuth Duarte Saatkamp (00693033126) from ::1
2013/06/03 14:30:08: Successful login: Helmuth Duarte Saatkamp (00693033126) from ::1
2013/06/03 16:17:29: Successful login: Helmuth Duarte Saatkamp (00693033126) from ::1
2013/06/03 16:56:52: Failed login attempt: 00693033126 from 10.1.8.192
2013/06/03 16:57:22: Successful login: Helmuth Duarte Saatkamp (00693033126) from 10.1.8.192
2013/06/03 17:26:45: Successful login: Helmuth Duarte Saatkamp (00693033126) from ::1
2013/06/03 18:21:28: Successful login: Helmuth Duarte Saatkamp (00693033126) from ::1
2013/06/04 09:40:32: Successful login: Helmuth Duarte Saatkamp (00693033126) from ::1
2013/06/04 14:32:29: Successful login: George Porto Ferreira (01801878994) from 10.1.8.21
2013/06/04 15:21:26: Successful login: Helmuth Duarte Saatkamp (00693033126) from ::1
2013/06/04 15:32:20: Successful login: Helmuth Duarte Saatkamp (00693033126) from ::1
2013/06/04 15:39:52: Successful login: Helmuth Duarte Saatkamp (00693033126) from ::1
2013/06/04 15:46:17: Successful login: Helmuth Duarte Saatkamp (00693033126) from ::1
2013/06/04 15:49:52: Successful login: Helmuth Duarte Saatkamp (00693033126) from ::1
2013/06/05 15:45:26: Successful login: Helmuth Duarte Saatkamp (00693033126) from ::1
2013/06/05 16:43:31: Successful login: Helmuth Duarte Saatkamp (00693033126) from ::1
2013/06/05 16:44:33: Successful login: Helmuth Duarte Saatkamp (00693033126) from ::1
2013/06/05 16:45:15: Successful login: Helmuth Duarte Saatkamp (00693033126) from ::1
2013/06/05 16:47:11: Successful login: Helmuth Duarte Saatkamp (00693033126) from ::1
2013/06/05 16:52:04: Successful login: George Porto Ferreira (01801878994) from 10.1.8.21
2013/06/05 16:57:15: Successful login: George Porto Ferreira (01801878994) from 10.1.8.21
2013/06/05 17:30:33: Successful login: Helmuth Duarte Saatkamp (00693033126) from ::1
2013/06/05 17:48:55: Successful login: Helmuth Duarte Saatkamp (00693033126) from ::1
2013/06/05 18:06:58: Successful login: Helmuth Duarte Saatkamp (00693033126) from ::1
2013/06/05 19:32:15: Successful login: Helmuth Duarte Saatkamp (00693033126) from ::1
2013/06/06 09:39:35: Successful login: Helmuth Duarte Saatkamp (00693033126) from ::1
2013/06/06 09:40:35: Failed login attempt: 00693033126 from ::1
2013/06/06 09:40:42: Successful login: Helmuth Duarte Saatkamp (00693033126) from ::1
2013/06/06 09:54:34: Successful login: Helmuth Duarte Saatkamp (00693033126) from ::1
2013/06/06 09:55:10: Successful login: Helmuth Duarte Saatkamp (00693033126) from ::1
2013/06/06 12:51:30: Successful login: Helmuth Duarte Saatkamp (00693033126) from ::1
2013/06/06 12:52:48: Successful login: Helmuth Duarte Saatkamp (00693033126) from ::1
2013/06/07 09:41:23: Successful login: Helmuth Duarte Saatkamp (00693033126) from ::1
2013/06/07 10:23:06: Successful login: Helmuth Duarte Saatkamp (00693033126) from ::1
2013/06/07 10:58:32: Successful login: George Porto Ferreira (01801878994) from 10.1.8.21
2013/06/07 14:21:39: Successful login: Helmuth Duarte Saatkamp (00693033126) from 10.1.8.192
2013/06/07 14:32:20: Successful login: Helmuth Duarte Saatkamp (00693033126) from 10.1.8.192
2013/06/07 14:48:12: Successful login: Helmuth Duarte Saatkamp (00693033126) from 10.1.8.192
2013/06/07 15:29:24: Successful login: Helmuth Duarte Saatkamp (00693033126) from 10.1.8.192
2013/06/07 16:02:57: Successful login: Helmuth Duarte Saatkamp (00693033126) from ::1
2013/06/07 16:36:01: Successful login: Helmuth Duarte Saatkamp (00693033126) from ::1
2013/06/10 10:07:34: Successful login: Helmuth Duarte Saatkamp (00693033126) from ::1
2013/06/13 18:28:21: Successful login: Helmuth Duarte Saatkamp (00693033126) from ::1
2013/07/02 08:23:32: Successful login: Helmuth Duarte Saatkamp (00693033126) from ::1
2013/08/09 17:51:25: Successful login: Helmuth Duarte Saatkamp (00693033126) from ::1
2013/08/14 13:02:50: Successful login: Helmuth Duarte Saatkamp (00693033126) from ::1
2013/08/14 17:17:50: Successful login: Helmuth Duarte Saatkamp (00693033126) from ::1
2013/08/14 17:21:40: Successful login: Helmuth Duarte Saatkamp (00693033126) from ::1
2013/08/14 18:35:48: Failed login attempt: 00693033126 from ::1
2013/08/14 18:36:56: Failed login attempt: 00693033126 from ::1
2013/08/14 15:37:57: Failed login attempt: 00693033126 from ::1
2013/08/14 16:20:41: Successful login: Helmuth Duarte Saatkamp (00693033126) from ::1
2013/08/14 16:22:53: Successful login: Helmuth Duarte Saatkamp (00693033126) from ::1
2013/08/14 16:23:48: Successful login: Helmuth Duarte Saatkamp (00693033126) from ::1
2013/08/14 16:24:32: Failed login attempt: 00693033126 from ::1
2013/08/14 16:24:59: Failed login attempt: 00693033126 from ::1
2013/08/14 16:25:40: Failed login attempt: 00693033126 from ::1
2013/08/14 16:28:02: Failed login attempt: 00693033126 from ::1
2013/08/14 16:28:22: Failed login attempt: 00693033126 from ::1
2013/08/14 16:29:10: Failed login attempt: 00693033126 from ::1
2013/08/14 16:29:35: Failed login attempt: 00693033126 from ::1
2013/08/14 16:29:39: Failed login attempt: 00693033126 from ::1
2013/08/14 16:30:03: Failed login attempt: 00693033126 from ::1
2013/08/14 16:30:39: Successful login: Helmuth Duarte Saatkamp (00693033126) from ::1
2013/08/14 16:31:11: Failed login attempt: 00693033126 from ::1
2013/08/14 16:33:44: Failed login attempt: 00693033126 from ::1
2013/08/14 16:35:38: Failed login attempt: 00693033126 from ::1
2013/08/14 16:35:49: Failed login attempt: 00693033126 from ::1
2013/08/14 16:36:15: Failed login attempt: 00693033126 from ::1
2013/08/14 16:36:48: Failed login attempt: 00693033126 from ::1
2013/08/14 16:37:11: Failed login attempt: 00693033126 from ::1
2013/08/14 16:37:22: Failed login attempt: 00693033126 from ::1
2013/08/14 16:37:35: Failed login attempt: 00693033126 from ::1
2013/08/14 16:37:45: Failed login attempt: 00693033126 from ::1
2013/08/14 16:38:18: Successful login: Helmuth Duarte Saatkamp (00693033126) from ::1
2013/08/14 16:39:53: Successful login: Helmuth Duarte Saatkamp (00693033126) from ::1
2013/08/14 16:40:18: Failed login attempt: 00693033126 from ::1
2013/08/14 16:40:46: Failed login attempt: 00693033126 from ::1
2013/08/14 16:41:29: Failed login attempt: 00693033126 from ::1
2013/08/14 16:43:02: Failed login attempt: 00693033126 from ::1
2013/08/14 16:43:24: Failed login attempt: 00693033126 from ::1
2013/08/14 16:44:41: Failed login attempt: 00693033126 from ::1
2013/08/14 16:44:50: Failed login attempt: 00693033126 from ::1
2013/08/14 16:50:36: Failed login attempt: 00693033126 from ::1
2013/08/14 16:50:49: Failed login attempt: 00693033126 from ::1
2013/08/14 16:52:10: Failed login attempt: 00693033126 from ::1
2013/08/14 16:52:22: Failed login attempt: 00693033126 from ::1
2013/08/14 16:55:53: Failed login attempt: 00693033126 from ::1
2013/08/14 16:56:04: Failed login attempt: 00693033126 from ::1
2013/08/14 16:56:40: Failed login attempt: 00693033126 from ::1
2013/08/14 16:57:14: Failed login attempt: 00693033126 from ::1
2013/08/14 16:58:22: Failed login attempt: 00693033126 from ::1
2013/08/16 19:37:23: Successful login: Helmuth Duarte Saatkamp (00693033126) from ::1
2013/08/16 19:39:02: Failed login attempt: 00693033126 from ::1
2013/08/16 19:39:19: Failed login attempt: 00693033126 from ::1
2013/08/19 11:40:17: Successful login: Helmuth Duarte Saatkamp (00693033126) from ::1
2013/08/19 11:41:48: Successful login: Helmuth Duarte Saatkamp (00693033126) from ::1
2013/08/19 11:48:33: Successful login: Helmuth Duarte Saatkamp (00693033126) from ::1
2013/08/19 11:53:21: Successful login: Helmuth Duarte Saatkamp (00693033126) from ::1
2013/08/19 11:58:07: Successful login: Helmuth Duarte Saatkamp (00693033126) from ::1
2013/08/19 11:59:41: Successful login: Helmuth Duarte Saatkamp (00693033126) from ::1
2013/08/19 12:02:12: Successful login: Helmuth Duarte Saatkamp (00693033126) from ::1
2013/08/19 12:33:48: Successful login: Helmuth Duarte Saatkamp (00693033126) from ::1
2013/08/19 13:21:34: Successful login: Helmuth Duarte Saatkamp (00693033126) from ::1
2013/08/19 13:22:21: Successful login: Helmuth Duarte Saatkamp (00693033126) from ::1
2013/08/19 13:50:49: Successful login: Helmuth Duarte Saatkamp (00693033126) from ::1
2013/08/19 14:05:01: Successful login: Helmuth Duarte Saatkamp (00693033126) from ::1
2013/08/19 14:13:26: Successful login: Helmuth Duarte Saatkamp (00693033126) from ::1
2013/08/19 14:21:50: Successful login: Helmuth Duarte Saatkamp (00693033126) from ::1
2013/08/19 14:37:16: Successful login: Helmuth Duarte Saatkamp (00693033126) from ::1
2013/08/19 14:41:36: Successful login: Helmuth Duarte Saatkamp (00693033126) from ::1
2013/08/19 14:42:49: Successful login: Helmuth Duarte Saatkamp (00693033126) from ::1
2013/08/19 14:48:39: Successful login: Helmuth Duarte Saatkamp (00693033126) from ::1
2013/08/19 14:49:28: Successful login: Helmuth Duarte Saatkamp (00693033126) from ::1
2013/10/31 12:00:43: Successful login: Helmuth Duarte Saatkamp (00693033126) from ::1
2013/11/01 09:33:24: Successful login: Helmuth Duarte Saatkamp (00693033126) from ::1
